<?xml version="1.0" encoding="UTF-8"?>
<testsuite name="gumtree.spoon.AstComparatorTest" time="18.21" tests="79" errors="1" skipped="0" failures="1">
  <properties>
[...]
</properties>
  <testcase name="exampleInsertAndUpdate" classname="gumtree.spoon.AstComparatorTest" time="0.104"/>
  <testcase name="testMain" classname="gumtree.spoon.AstComparatorTest" time="0.007">
    <error message="/Users/Jiajun/Code/Java/tmpspace/CommitExtractorByKeyWords/diffile/ant/0a51af299e_a8b79fd315/0a51af299e871318ffb6241565dfbf771fa503ec/locator.java does not exist" type="java.io.FileNotFoundException">java.io.FileNotFoundException: /Users/Jiajun/Code/Java/tmpspace/CommitExtractorByKeyWords/diffile/ant/0a51af299e_a8b79fd315/0a51af299e871318ffb6241565dfbf771fa503ec/locator.java does not exist
	at spoon.compiler.SpoonResourceHelper.createFolder(SpoonResourceHelper.java:91)
	at spoon.compiler.SpoonResourceHelper.createResource(SpoonResourceHelper.java:83)
	at gumtree.spoon.AstComparator.getCtType(AstComparator.java:88)
	at gumtree.spoon.AstComparator.compare(AstComparator.java:67)
	at gumtree.spoon.AstComparator.main(AstComparator.java:117)
	at gumtree.spoon.AstComparatorTest.testMain(AstComparatorTest.java:189)
</error>
  </testcase>
  <testcase name="test_000" classname="gumtree.spoon.AstComparatorTest" time="0.089"/>
  <testcase name="test_t_202564" classname="gumtree.spoon.AstComparatorTest" time="0.153"/>
  <testcase name="test_t_204225" classname="gumtree.spoon.AstComparatorTest" time="0.09"/>
  <testcase name="test_t_208618" classname="gumtree.spoon.AstComparatorTest" time="0.127"/>
  <testcase name="test_t_209184" classname="gumtree.spoon.AstComparatorTest" time="0.097"/>
  <testcase name="test_t_211903" classname="gumtree.spoon.AstComparatorTest" time="0.1"/>
  <testcase name="test_t_212496" classname="gumtree.spoon.AstComparatorTest" time="0.714"/>
  <testcase name="test_t_213712" classname="gumtree.spoon.AstComparatorTest" time="0.106"/>
  <testcase name="test_t_214116" classname="gumtree.spoon.AstComparatorTest" time="0.331"/>
  <testcase name="test_t_214614" classname="gumtree.spoon.AstComparatorTest" time="0.143"/>
  <testcase name="test_t_220985" classname="gumtree.spoon.AstComparatorTest" time="0.625"/>
  <testcase name="test_t_221070" classname="gumtree.spoon.AstComparatorTest" time="0.61"/>
  <testcase name="test_t_221295" classname="gumtree.spoon.AstComparatorTest" time="0.155"/>
  <testcase name="test_t_221343" classname="gumtree.spoon.AstComparatorTest" time="0.798"/>
  <testcase name="test_t_221345" classname="gumtree.spoon.AstComparatorTest" time="0.678"/>
  <testcase name="test_t_221422" classname="gumtree.spoon.AstComparatorTest" time="0.852"/>
  <testcase name="test_t_221958" classname="gumtree.spoon.AstComparatorTest" time="0.12"/>
  <testcase name="test_t_221966" classname="gumtree.spoon.AstComparatorTest" time="0.093"/>
  <testcase name="test_t_222361" classname="gumtree.spoon.AstComparatorTest" time="0.146"/>
  <testcase name="test_t_222399" classname="gumtree.spoon.AstComparatorTest" time="0.173"/>
  <testcase name="test_t_222884" classname="gumtree.spoon.AstComparatorTest" time="0.108"/>
  <testcase name="test_t_222894" classname="gumtree.spoon.AstComparatorTest" time="0.19"/>
  <testcase name="test_t_223054" classname="gumtree.spoon.AstComparatorTest" time="0.076"/>
  <testcase name="test_t_223056" classname="gumtree.spoon.AstComparatorTest" time="2.098"/>
  <testcase name="test_t_223118" classname="gumtree.spoon.AstComparatorTest" time="0.259"/>
  <testcase name="test_t_223454" classname="gumtree.spoon.AstComparatorTest" time="0.11"/>
  <testcase name="test_t_223542" classname="gumtree.spoon.AstComparatorTest" time="0.83"/>
  <testcase name="test_t_224512" classname="gumtree.spoon.AstComparatorTest" time="3.305"/>
  <testcase name="test_t_224542" classname="gumtree.spoon.AstComparatorTest" time="0.271"/>
  <testcase name="test_t_224766" classname="gumtree.spoon.AstComparatorTest" time="0.074"/>
  <testcase name="test_t_224771" classname="gumtree.spoon.AstComparatorTest" time="0.096"/>
  <testcase name="test_t_224798" classname="gumtree.spoon.AstComparatorTest" time="0.089"/>
  <testcase name="test_t_224834" classname="gumtree.spoon.AstComparatorTest" time="0.075"/>
  <testcase name="test_t_224863" classname="gumtree.spoon.AstComparatorTest" time="0.081"/>
  <testcase name="test_t_224882" classname="gumtree.spoon.AstComparatorTest" time="0.07"/>
  <testcase name="test_t_224890" classname="gumtree.spoon.AstComparatorTest" time="0.069"/>
  <testcase name="test_t_225008" classname="gumtree.spoon.AstComparatorTest" time="0.076"/>
  <testcase name="test_t_225073" classname="gumtree.spoon.AstComparatorTest" time="0.098"/>
  <testcase name="test_t_225106" classname="gumtree.spoon.AstComparatorTest" time="0.115"/>
  <testcase name="test_t_225225" classname="gumtree.spoon.AstComparatorTest" time="0.085"/>
  <testcase name="test_t_225247" classname="gumtree.spoon.AstComparatorTest" time="0.088"/>
  <testcase name="test_t_225262" classname="gumtree.spoon.AstComparatorTest" time="0.081"/>
  <testcase name="test_t_225391" classname="gumtree.spoon.AstComparatorTest" time="0.078"/>
  <testcase name="test_t_225414" classname="gumtree.spoon.AstComparatorTest" time="0.109"/>
  <testcase name="test_t_225434" classname="gumtree.spoon.AstComparatorTest" time="0.072"/>
  <testcase name="test_t_225525" classname="gumtree.spoon.AstComparatorTest" time="0.072"/>
  <testcase name="test_t_225724" classname="gumtree.spoon.AstComparatorTest" time="0.098"/>
  <testcase name="test_t_225893" classname="gumtree.spoon.AstComparatorTest" time="0.071"/>
  <testcase name="test_t_226145" classname="gumtree.spoon.AstComparatorTest" time="0.124"/>
  <testcase name="test_t_226330" classname="gumtree.spoon.AstComparatorTest" time="0.074"/>
  <testcase name="test_t_226480" classname="gumtree.spoon.AstComparatorTest" time="0.136"/>
  <testcase name="test_t_226555" classname="gumtree.spoon.AstComparatorTest" time="0.081"/>
  <testcase name="test_t_226622" classname="gumtree.spoon.AstComparatorTest" time="0.11"/>
  <testcase name="test_t_226685" classname="gumtree.spoon.AstComparatorTest" time="0.082"/>
  <testcase name="test_t_226926" classname="gumtree.spoon.AstComparatorTest" time="0.074"/>
  <testcase name="test_t_226963" classname="gumtree.spoon.AstComparatorTest" time="0.237"/>
  <testcase name="test_t_227005" classname="gumtree.spoon.AstComparatorTest" time="0.103"/>
  <testcase name="test_t_227130" classname="gumtree.spoon.AstComparatorTest" time="0.074"/>
  <testcase name="test_t_227368" classname="gumtree.spoon.AstComparatorTest" time="0.075"/>
  <testcase name="test_t_227811" classname="gumtree.spoon.AstComparatorTest" time="0.106"/>
  <testcase name="test_t_227985" classname="gumtree.spoon.AstComparatorTest" time="0.313"/>
  <testcase name="test_t_228064" classname="gumtree.spoon.AstComparatorTest" time="0.109"/>
  <testcase name="test_t_228325" classname="gumtree.spoon.AstComparatorTest" time="0.101"/>
  <testcase name="test_t_228643" classname="gumtree.spoon.AstComparatorTest" time="0.091"/>
  <testcase name="test_t_286696" classname="gumtree.spoon.AstComparatorTest" time="0.098"/>
  <testcase name="test_t_286700" classname="gumtree.spoon.AstComparatorTest" time="0.112"/>
  <testcase name="testgetCtType" classname="gumtree.spoon.AstComparatorTest" time="0.064"/>
  <testcase name="testAnalyzeStringString" classname="gumtree.spoon.AstComparatorTest" time="0.09"/>
  <testcase name="test5" classname="gumtree.spoon.AstComparatorTest" time="0.157"/>
  <testcase name="test6" classname="gumtree.spoon.AstComparatorTest" time="0.085"/>
  <testcase name="test7" classname="gumtree.spoon.AstComparatorTest" time="0.123"/>
  <testcase name="exampleSingleUpdate" classname="gumtree.spoon.AstComparatorTest" time="0.115"/>
  <testcase name="testContent" classname="gumtree.spoon.AstComparatorTest" time="0.042"/>
  <testcase name="exampleInsert" classname="gumtree.spoon.AstComparatorTest" time="0.085"/>
  <testcase name="testJDTBasedSpoonCompiler" classname="gumtree.spoon.AstComparatorTest" time="0.032"/>
  <testcase name="exampleRemoveMethod" classname="gumtree.spoon.AstComparatorTest" time="0.089"/>
  <testcase name="test_example" classname="gumtree.spoon.AstComparatorTest" time="0.073">
    <failure type="java.lang.AssertionError:">java.lang.AssertionError: null
	at org.junit.Assert.fail(Assert.java:86)
	at org.junit.Assert.assertTrue(Assert.java:41)
	at org.junit.Assert.assertTrue(Assert.java:52)
	at gumtree.spoon.AstComparatorTest.test_example(AstComparatorTest.java:121)
</failure>
    <system-out><![CDATA[INS 					-562801488@@a#isEmpty()
						-1025867376@@a
 to 2365@@ at 0
gumtree.spoon.diff.operations.InsertOperation@67fce6ed
MOV 							-1025867376@@a
 to -562801488@@a#isEmpty() at 0
gumtree.spoon.diff.operations.MoveOperation@10460b17
DEL -562801488@@a#size()
gumtree.spoon.diff.operations.DeleteOperation@266915f0
DEL 1847113871@@0
gumtree.spoon.diff.operations.DeleteOperation@37b7410c
DEL -1963338779@@EQ
gumtree.spoon.diff.operations.DeleteOperation@37fc1299
Delete BinaryOperator at X:1
	(a.size()) == 0
Insert Invocation at X:1
	a.isEmpty()
Move FieldRead from X:1 to X:1
	a

]]></system-out>
  </testcase>
</testsuite>